[INFO] 18:03:50 - Renaming building: 
[INFO] 18:03:51 - Renaming building: C
[INFO] 18:03:51 - Renaming building: Ce
[INFO] 18:03:51 - Renaming building: Cen
[INFO] 18:03:51 - Renaming building: Cent
[INFO] 18:03:52 - Renaming building: Centr
[INFO] 18:03:52 - Renaming building: Centra
[INFO] 18:03:52 - Renaming building: Central
[INFO] 18:03:53 - Renaming building: Central 
[INFO] 18:03:53 - Renaming building: Central 
[INFO] 18:03:53 - Renaming building: Central P
[INFO] 18:03:53 - Renaming building: Central Pl
[INFO] 18:03:53 - Renaming building: Central Pla
[INFO] 18:03:53 - Renaming building: Central Plan
[INFO] 18:03:53 - Renaming building: Central Plant
[INFO] 18:03:59 - Saving game to save_slot_3.json...
[INFO] 18:03:59 - Game saved successfully!
[INFO] 18:04:01 - Renaming building: 
[INFO] 18:04:02 - Renaming building: S
[INFO] 18:04:02 - Renaming building: Su
[INFO] 18:04:04 - Renaming building: 
[INFO] 18:04:04 - Renaming building: S
[INFO] 18:04:05 - Renaming building: Se
[INFO] 18:04:05 - Renaming building: Ser
[INFO] 18:04:06 - Renaming building: 
[INFO] 18:04:06 - Renaming building: G
[INFO] 18:04:06 - Renaming building: 
[INFO] 18:04:07 - Renaming building: N
[INFO] 18:04:07 - Renaming building: Ne
[INFO] 18:04:07 - Renaming building: New
[INFO] 18:04:07 - Renaming building: Newt
[INFO] 18:04:08 - Renaming building: Newto
[INFO] 18:04:08 - Renaming building: Newtow
[INFO] 18:04:08 - Renaming building: Newtown
[INFO] 18:04:08 - Renaming building: Newtown 
[INFO] 18:04:08 - Renaming building: Newtown 
[INFO] 18:04:08 - Renaming building: Newtown P
[INFO] 18:04:09 - Renaming building: Newtown Pl
[INFO] 18:04:09 - Renaming building: Newtown Pla
[INFO] 18:04:09 - Renaming building: Newtown Plaa
[INFO] 18:04:10 - Renaming building: Newtown Plaz
[INFO] 18:04:10 - Renaming building: Newtown Plaza
[INFO] 18:04:16 - Renaming building: 
[INFO] 18:04:16 - Renaming building: E
[INFO] 18:04:16 - Renaming building: Ev
[INFO] 18:04:16 - Renaming building: Evi
[INFO] 18:04:17 - Renaming building: Evil
[INFO] 18:04:17 - Renaming building: Evil 
[INFO] 18:04:18 - Renaming building: Evil 
[INFO] 18:04:18 - Renaming building: Evil I
[INFO] 18:04:18 - Renaming building: Evil In
[INFO] 18:04:18 - Renaming building: Evil Ind
[INFO] 18:04:18 - Renaming building: Evil Indu
[INFO] 18:04:18 - Renaming building: Evil Indus
[INFO] 18:04:19 - Renaming building: Evil Indust
[INFO] 18:04:19 - Renaming building: Evil Industr
[INFO] 18:04:19 - Renaming building: Evil Industry
[INFO] 18:04:22 - Renaming building: 
[INFO] 18:04:23 - Renaming building: L
[INFO] 18:04:23 - Renaming building: Li
[INFO] 18:04:23 - Renaming building: Lit
[INFO] 18:04:23 - Renaming building: Litt
[INFO] 18:04:24 - Renaming building: Littl
[INFO] 18:04:24 - Renaming building: Little
[INFO] 18:04:24 - Renaming building: Little 
[INFO] 18:04:24 - Renaming building: Little 
[INFO] 18:04:24 - Renaming building: Little F
[INFO] 18:04:24 - Renaming building: Little Fi
[INFO] 18:04:24 - Renaming building: Little Fir
[INFO] 18:04:25 - Renaming building: Little Fire
[INFO] 18:04:26 - Renaming building: Little Fire 
[INFO] 18:04:26 - Renaming building: Little Fire 
[INFO] 18:04:26 - Renaming building: Little Fire S
[INFO] 18:04:27 - Renaming building: Little Fire St
[INFO] 18:04:27 - Renaming building: Little Fire Sta
[INFO] 18:04:27 - Renaming building: Little Fire Stat
[INFO] 18:04:27 - Renaming building: Little Fire Stati
[INFO] 18:04:27 - Renaming building: Little Fire Statio
[INFO] 18:04:31 - Renaming building: Little Fires
[INFO] 18:04:31 - Renaming building: Little Firest
[INFO] 18:04:31 - Renaming building: Little Firesta
[INFO] 18:04:31 - Renaming building: Little Firestat
[INFO] 18:04:31 - Renaming building: Little Firestati
[INFO] 18:04:32 - Renaming building: Little Firestatin
[INFO] 18:04:32 - Renaming building: Little Firestatio
[INFO] 18:04:32 - Renaming building: Little Firestation
[INFO] 18:04:43 - Renaming building: 
[INFO] 18:04:44 - Renaming building: G
[INFO] 18:04:45 - Renaming building: 
[INFO] 18:04:46 - Renaming building: F
[INFO] 18:04:46 - Renaming building: Fe
[INFO] 18:04:46 - Renaming building: Fen
[INFO] 18:04:46 - Renaming building: Feng
[INFO] 18:04:47 - Renaming building: Fengs
[INFO] 18:04:47 - Renaming building: Fengsh
[INFO] 18:04:47 - Renaming building: Fengshu
[INFO] 18:04:47 - Renaming building: Fengshui
[INFO] 18:04:48 - Renaming building: Fengshui 
[INFO] 18:04:48 - Renaming building: Fengshui 
[INFO] 18:04:50 - Renaming building: Fengshui H
[INFO] 18:04:50 - Renaming building: Fengshui Ha
[INFO] 18:04:50 - Renaming building: Fengshui Hao
[INFO] 18:04:51 - Renaming building: Fengshui Hao 
[INFO] 18:04:51 - Renaming building: Fengshui Hao 
[INFO] 18:04:52 - Renaming building: Fengshui Hao A
[INFO] 18:04:52 - Renaming building: Fengshui Hao Ap
[INFO] 18:04:52 - Renaming building: Fengshui Hao Apo
[INFO] 18:04:53 - Renaming building: Fengshui Hao Apt
[INFO] 18:04:58 - Renaming building: 
[INFO] 18:04:59 - Renaming building: 
[INFO] 18:05:00 - Renaming building: X
[INFO] 18:05:01 - Renaming building: Xi
[INFO] 18:05:02 - Renaming building: 
[INFO] 18:05:02 - Renaming building: S
[INFO] 18:05:02 - Renaming building: Sh
[INFO] 18:05:02 - Renaming building: Sha
[INFO] 18:05:03 - Renaming building: Shan
[INFO] 18:05:03 - Renaming building: Shang
[INFO] 18:05:05 - Renaming building: 
[INFO] 18:05:05 - Renaming building: J
[INFO] 18:05:05 - Renaming building: Jo
[INFO] 18:05:05 - Renaming building: Joj
[INFO] 18:05:05 - Renaming building: Jojo
[INFO] 18:05:06 - Renaming building: Jojo 
[INFO] 18:05:06 - Renaming building: Jojo 
[INFO] 18:05:06 - Renaming building: Jojo A
[INFO] 18:05:06 - Renaming building: Jojo Ap
[INFO] 18:05:06 - Renaming building: Jojo Apt
[INFO] 18:05:07 - Renaming building: Jojo Apt.
[INFO] 18:05:12 - Renaming building: 
[INFO] 18:05:12 - Renaming building: S
[INFO] 18:05:12 - Renaming building: Sh
[INFO] 18:05:12 - Renaming building: Shi
[INFO] 18:05:13 - Renaming building: Shit
[INFO] 18:05:13 - Renaming building: Shitt
[INFO] 18:05:13 - Renaming building: Shitty
[INFO] 18:05:13 - Renaming building: Shitty 
[INFO] 18:05:13 - Renaming building: Shitty 
[INFO] 18:05:14 - Renaming building: Shitty S
[INFO] 18:05:14 - Renaming building: Shitty Sc
[INFO] 18:05:14 - Renaming building: Shitty Sch
[INFO] 18:05:14 - Renaming building: Shitty Scho
[INFO] 18:05:14 - Renaming building: Shitty Schoo
[INFO] 18:05:14 - Renaming building: Shitty School
[INFO] 18:06:25 - Saving game to save_slot_3.json...
[INFO] 18:06:25 - Game saved successfully!
[INFO] 18:08:41 - Saving game to save_slot_3.json...
[INFO] 18:08:41 - Game saved successfully!
[INFO] 18:08:43 - Quitting game...
